Using pre-set license
Built from '2022.3/staging' branch; Version is '2022.3.9f1 (ea401c316338) revision 15351836'; Using compiler version '192829333'; Build Type 'Release'
OS: 'Windows 11  (10.0.26100) 64bit Core' Language: 'pt' Physical Memory: 16291 MB
BatchMode: 1, IsHumanControllingUs: 0, StartBugReporterOnCrash: 0, Is64bit: 1, IsPro: 1

COMMAND LINE ARGUMENTS:
C:\Program Files\Unity\Hub\Editor\2022.3.9f1\Editor\Unity.exe
-adb2
-batchMode
-noUpm
-name
AssetImportWorker2
-projectPath
C:/Users/stete/Documents/GitHub/Nordcurrent/NordCurrentTechTest
-logFile
Logs/AssetImportWorker2.log
-srvPort
58830
Successfully changed project path to: C:/Users/stete/Documents/GitHub/Nordcurrent/NordCurrentTechTest
C:/Users/stete/Documents/GitHub/Nordcurrent/NordCurrentTechTest
[UnityMemory] Configuration Parameters - Can be set up in boot.config
    "memorysetup-bucket-allocator-granularity=16"
    "memorysetup-bucket-allocator-bucket-count=8"
    "memorysetup-bucket-allocator-block-size=33554432"
    "memorysetup-bucket-allocator-block-count=8"
    "memorysetup-main-allocator-block-size=16777216"
    "memorysetup-thread-allocator-block-size=16777216"
    "memorysetup-gfx-main-allocator-block-size=16777216"
    "memorysetup-gfx-thread-allocator-block-size=16777216"
    "memorysetup-cache-allocator-block-size=4194304"
    "memorysetup-typetree-allocator-block-size=2097152"
    "memorysetup-profiler-bucket-allocator-granularity=16"
    "memorysetup-profiler-bucket-allocator-bucket-count=8"
    "memorysetup-profiler-bucket-allocator-block-size=33554432"
    "memorysetup-profiler-bucket-allocator-block-count=8"
    "memorysetup-profiler-allocator-block-size=16777216"
    "memorysetup-profiler-editor-allocator-block-size=1048576"
    "memorysetup-temp-allocator-size-main=16777216"
    "memorysetup-job-temp-allocator-block-size=2097152"
    "memorysetup-job-temp-allocator-block-size-background=1048576"
    "memorysetup-job-temp-allocator-reduction-small-platforms=262144"
    "memorysetup-allocator-temp-initial-block-size-main=262144"
    "memorysetup-allocator-temp-initial-block-size-worker=262144"
    "memorysetup-temp-allocator-size-background-worker=32768"
    "memorysetup-temp-allocator-size-job-worker=262144"
    "memorysetup-temp-allocator-size-preload-manager=33554432"
    "memorysetup-temp-allocator-size-nav-mesh-worker=65536"
    "memorysetup-temp-allocator-size-audio-worker=65536"
    "memorysetup-temp-allocator-size-cloud-worker=32768"
    "memorysetup-temp-allocator-size-gi-baking-worker=262144"
    "memorysetup-temp-allocator-size-gfx=262144"
Player connection [78648] Host "[IP] 10.26.5.130 [Port] 0 [Flags] 2 [Guid] 4277142094 [EditorId] 4277142094 [Version] 1048832 [Id] WindowsEditor(7,LAPTOP-IGBF4J37) [Debug] 1 [PackageName] WindowsEditor [ProjectName] Editor" joined multi-casting on [225.0.0.222:54997]...

Player connection [78648] Host "[IP] 10.26.5.130 [Port] 0 [Flags] 2 [Guid] 4277142094 [EditorId] 4277142094 [Version] 1048832 [Id] WindowsEditor(7,LAPTOP-IGBF4J37) [Debug] 1 [PackageName] WindowsEditor [ProjectName] Editor" joined alternative multi-casting on [225.0.0.222:34997]...

[Physics::Module] Initialized MultithreadedJobDispatcher with 11 workers.
Refreshing native plugins compatible for Editor in 0.00 ms, found 0 plugins.
Preloading 0 native plugins for Editor in 0.00 ms.
Initialize engine version: 2022.3.9f1 (ea401c316338)
[Subsystems] Discovering subsystems at path C:/Program Files/Unity/Hub/Editor/2022.3.9f1/Editor/Data/Resources/UnitySubsystems
[Subsystems] Discovering subsystems at path C:/Users/stete/Documents/GitHub/Nordcurrent/NordCurrentTechTest/Assets
GfxDevice: creating device client; threaded=0; jobified=0
Direct3D:
    Version:  Direct3D 11.0 [level 11.1]
    Renderer: NVIDIA GeForce GTX 1650 Ti (ID=0x1f95)
    Vendor:   NVIDIA
    VRAM:     3935 MB
    Driver:   32.0.15.7283
Initialize mono
Mono path[0] = 'C:/Program Files/Unity/Hub/Editor/2022.3.9f1/Editor/Data/Managed'
Mono path[1] = 'C:/Program Files/Unity/Hub/Editor/2022.3.9f1/Editor/Data/MonoBleedingEdge/lib/mono/unityjit-win32'
Mono config path = 'C:/Program Files/Unity/Hub/Editor/2022.3.9f1/Editor/Data/MonoBleedingEdge/etc'
Using monoOptions --debugger-agent=transport=dt_socket,embedding=1,server=y,suspend=n,address=127.0.0.1:56016
Begin MonoManager ReloadAssembly
Registering precompiled unity dll's ...
Register platform support module: C:/Program Files/Unity/Hub/Editor/2022.3.9f1/Editor/Data/PlaybackEngines/WebGLSupport/UnityEditor.WebGL.Extensions.dll
Register platform support module: C:/Program Files/Unity/Hub/Editor/2022.3.9f1/Editor/Data/PlaybackEngines/WindowsStandaloneSupport/UnityEditor.WindowsStandalone.Extensions.dll
Registered in 0.122001 seconds.
- Loaded All Assemblies, in  2.965 seconds
Native extension for WindowsStandalone target not found
Native extension for WebGL target not found
Mono: successfully reloaded assembly
- Finished resetting the current domain, in  1.674 seconds
Domain Reload Profiling: 4619ms
	BeginReloadAssembly (748ms)
		ExecutionOrderSort (0ms)
		DisableScriptedObjects (0ms)
		BackupInstance (0ms)
		ReleaseScriptingObjects (0ms)
		CreateAndSetChildDomain (3ms)
	RebuildCommonClasses (700ms)
	RebuildNativeTypeToScriptingClass (73ms)
	initialDomainReloadingComplete (497ms)
	LoadAllAssembliesAndSetupDomain (925ms)
		LoadAssemblies (730ms)
		RebuildTransferFunctionScriptingTraits (0ms)
		AnalyzeDomain (913ms)
			TypeCache.Refresh (906ms)
				TypeCache.ScanAssembly (837ms)
			ScanForSourceGeneratedMonoScriptInfo (2ms)
			ResolveRequiredComponents (2ms)
	FinalizeReload (1676ms)
		ReleaseScriptCaches (0ms)
		RebuildScriptCaches (0ms)
		SetupLoadedEditorAssemblies (1302ms)
			LogAssemblyErrors (0ms)
			InitializePlatformSupportModulesInManaged (103ms)
			SetLoadedEditorAssemblies (31ms)
			RefreshPlugins (0ms)
			BeforeProcessingInitializeOnLoad (12ms)
			ProcessInitializeOnLoadAttributes (846ms)
			ProcessInitializeOnLoadMethodAttributes (309ms)
			AfterProcessingInitializeOnLoad (0ms)
			EditorAssembliesLoaded (0ms)
		ExecutionOrderSort2 (0ms)
		AwakeInstancesAfterBackupRestoration (0ms)
========================================================================
Worker process is ready to serve import requests
Begin MonoManager ReloadAssembly
- Loaded All Assemblies, in  2.072 seconds
Refreshing native plugins compatible for Editor in 0.00 ms, found 0 plugins.
Native extension for WindowsStandalone target not found
Native extension for WebGL target not found
Mono: successfully reloaded assembly
- Finished resetting the current domain, in  2.296 seconds
Domain Reload Profiling: 4338ms
	BeginReloadAssembly (1191ms)
		ExecutionOrderSort (0ms)
		DisableScriptedObjects (46ms)
		BackupInstance (0ms)
		ReleaseScriptingObjects (0ms)
		CreateAndSetChildDomain (125ms)
	RebuildCommonClasses (309ms)
	RebuildNativeTypeToScriptingClass (140ms)
	initialDomainReloadingComplete (346ms)
	LoadAllAssembliesAndSetupDomain (54ms)
		LoadAssemblies (784ms)
		RebuildTransferFunctionScriptingTraits (0ms)
		AnalyzeDomain (35ms)
			TypeCache.Refresh (26ms)
				TypeCache.ScanAssembly (1ms)
			ScanForSourceGeneratedMonoScriptInfo (2ms)
			ResolveRequiredComponents (2ms)
	FinalizeReload (2299ms)
		ReleaseScriptCaches (0ms)
		RebuildScriptCaches (0ms)
		SetupLoadedEditorAssemblies (1291ms)
			LogAssemblyErrors (0ms)
			InitializePlatformSupportModulesInManaged (77ms)
			SetLoadedEditorAssemblies (35ms)
			RefreshPlugins (0ms)
			BeforeProcessingInitializeOnLoad (248ms)
			ProcessInitializeOnLoadAttributes (742ms)
			ProcessInitializeOnLoadMethodAttributes (109ms)
			AfterProcessingInitializeOnLoad (79ms)
			EditorAssembliesLoaded (0ms)
		ExecutionOrderSort2 (0ms)
		AwakeInstancesAfterBackupRestoration (35ms)
Launched and connected shader compiler UnityShaderCompiler.exe after 0.27 seconds
Refreshing native plugins compatible for Editor in 0.00 ms, found 0 plugins.
Preloading 0 native plugins for Editor in 0.00 ms.
Unloading 32 Unused Serialized files (Serialized files now loaded: 0)
Unloading 10 unused Assets / (81.4 KB). Loaded Objects now: 496.
Memory consumption went from 47.3 MB to 47.2 MB.
Total: 23.730300 ms (FindLiveObjects: 0.189600 ms CreateObjectMapping: 0.027700 ms MarkObjects: 22.747600 ms  DeleteObjects: 0.760500 ms)

AssetImportParameters requested are different than current active one (requested -> active):
  custom:video-decoder-ogg-theora: a1e56fd34408186e4bbccfd4996cb3dc -> 
  custom:container-muxer-webm: aa71ff27fc2769a1b78a27578f13a17b -> 
  custom:container-demuxer-webm: 4f35f7cbe854078d1ac9338744f61a02 -> 
  custom:video-encoder-webm-vp8: eb34c28f22e8b96e1ab97ce403110664 -> 
  custom:video-codec-MediaFoundation-h265: 746d11721c4dcdbdad8f713fa42b33f4 -> 
  custom:audio-encoder-webm-vorbis: bf7c407c2cedff20999df2af8eb42d56 -> 
  custom:framework-win-MediaFoundation: 216162199b28c13a410421893ffa2e32 -> 
  custom:container-demuxer-ogg: 62fdf1f143b41e24485cea50d1cbac27 -> 
  custom:video-decoder-webm-vp8: 9c59270c3fd7afecdb556c50c9e8de78 -> 
  custom:audio-decoder-ogg-vorbis: bf7c407c2cedff20999df2af8eb42d56 -> 
  custom:AudioImporter_EditorPlatform: d09bf68614088b80899f8185d706f6e7 -> 
========================================================================
Received Import Request.
  Time since last request: 1056697.883543 seconds.
  path: Assets/Materials/Enemy_Material_Final.mat
  artifactKey: Guid(7aecd3c47b50f904481e74da52ba4ddb) Importer(815301076,1909f56bfc062723c751e8b465ee728b)
Start importing Assets/Materials/Enemy_Material_Final.mat using Guid(7aecd3c47b50f904481e74da52ba4ddb) Importer(815301076,1909f56bfc062723c751e8b465ee728b) Error loading the file 'Assets/Materials/Enemy_Material_Final.mat'. File is either empty or corrupted, please verify the file contents.
 -> (artifact id: 'd9b0662bfd84ee900d3100f65412608d') in 0.024708 seconds
Number of updated asset objects reloaded before import = 0
Number of asset objects unloaded after import = 0
========================================================================
Received Import Request.
  Time since last request: 0.000058 seconds.
  path: Assets/Prefabs/character.prefab
  artifactKey: Guid(dfd1a3272f84bff448a877a23de997dc) Importer(815301076,1909f56bfc062723c751e8b465ee728b)
Start importing Assets/Prefabs/character.prefab using Guid(dfd1a3272f84bff448a877a23de997dc) Importer(815301076,1909f56bfc062723c751e8b465ee728b)  -> (artifact id: '221775fd1819e90dc8457b34d4dee17f') in 0.067448 seconds
Number of updated asset objects reloaded before import = 0
Number of asset objects unloaded after import = 1
========================================================================
Received Import Request.
  Time since last request: 0.000327 seconds.
  path: Assets/Prefabs/UI_button.prefab
  artifactKey: Guid(671b7c80411dc5f4d86ef9f60a4e085b) Importer(815301076,1909f56bfc062723c751e8b465ee728b)
Start importing Assets/Prefabs/UI_button.prefab using Guid(671b7c80411dc5f4d86ef9f60a4e085b) Importer(815301076,1909f56bfc062723c751e8b465ee728b)  -> (artifact id: '3d5f0ee97c8644f75d19a275399ee800') in 0.006284 seconds
Number of updated asset objects reloaded before import = 0
Number of asset objects unloaded after import = 1
========================================================================
Received Import Request.
  Time since last request: 0.000331 seconds.
  path: Assets/Prefabs/Car.prefab
  artifactKey: Guid(ac5b1a35c7daf9646ad6d79ce2aec539) Importer(815301076,1909f56bfc062723c751e8b465ee728b)
Start importing Assets/Prefabs/Car.prefab using Guid(ac5b1a35c7daf9646ad6d79ce2aec539) Importer(815301076,1909f56bfc062723c751e8b465ee728b)  -> (artifact id: '51ec81bd48076d50ad9fe377b445769a') in 0.005834 seconds
Number of updated asset objects reloaded before import = 0
Number of asset objects unloaded after import = 1
========================================================================
Received Import Request.
  Time since last request: 0.000055 seconds.
  path: Assets/Materials/Material_Default.mat
  artifactKey: Guid(39c9869574a0be143ade660fa4f82599) Importer(815301076,1909f56bfc062723c751e8b465ee728b)
Start importing Assets/Materials/Material_Default.mat using Guid(39c9869574a0be143ade660fa4f82599) Importer(815301076,1909f56bfc062723c751e8b465ee728b) Error loading the file 'Assets/Materials/Material_Default.mat'. File is either empty or corrupted, please verify the file contents.
 -> (artifact id: '1b0a9d16b736a065cbf6d35b6a911fb9') in 0.004924 seconds
Number of updated asset objects reloaded before import = 0
Number of asset objects unloaded after import = 0
========================================================================
Received Import Request.
  Time since last request: 0.000521 seconds.
  path: Assets/Materials/Rock_Texture_Backup.mat
  artifactKey: Guid(948344e0e6fb750439ac8b9579889c8a) Importer(815301076,1909f56bfc062723c751e8b465ee728b)
Start importing Assets/Materials/Rock_Texture_Backup.mat using Guid(948344e0e6fb750439ac8b9579889c8a) Importer(815301076,1909f56bfc062723c751e8b465ee728b) Error loading the file 'Assets/Materials/Rock_Texture_Backup.mat'. File is either empty or corrupted, please verify the file contents.
 -> (artifact id: '55812d9a4ed10e72ae1f2c7ffa143f45') in 0.004912 seconds
Number of updated asset objects reloaded before import = 0
Number of asset objects unloaded after import = 0
========================================================================
Received Import Request.
  Time since last request: 0.000457 seconds.
  path: Assets/Prefabs/menu.prefab
  artifactKey: Guid(4f6688d85daa70e46829fefc1e50aa41) Importer(815301076,1909f56bfc062723c751e8b465ee728b)
Start importing Assets/Prefabs/menu.prefab using Guid(4f6688d85daa70e46829fefc1e50aa41) Importer(815301076,1909f56bfc062723c751e8b465ee728b)  -> (artifact id: 'f2ec4c086b374ea3894731740c8a2318') in 0.007639 seconds
Number of updated asset objects reloaded before import = 0
Number of asset objects unloaded after import = 1
========================================================================
Received Import Request.
  Time since last request: 0.000316 seconds.
  path: Assets/Materials/UI_Button_Material.mat
  artifactKey: Guid(a2e3daa2a35d9894c9f23573b6e12eae) Importer(815301076,1909f56bfc062723c751e8b465ee728b)
Start importing Assets/Materials/UI_Button_Material.mat using Guid(a2e3daa2a35d9894c9f23573b6e12eae) Importer(815301076,1909f56bfc062723c751e8b465ee728b) Error loading the file 'Assets/Materials/UI_Button_Material.mat'. File is either empty or corrupted, please verify the file contents.
 -> (artifact id: 'd2aceff7ea677874ad09a3bfb331f952') in 0.004535 seconds
Number of updated asset objects reloaded before import = 0
Number of asset objects unloaded after import = 0
========================================================================
Received Import Request.
  Time since last request: 0.000485 seconds.
  path: Assets/Prefabs/rock.prefab
  artifactKey: Guid(58117c2db82481448a0a79d61ed8fdb6) Importer(815301076,1909f56bfc062723c751e8b465ee728b)
Start importing Assets/Prefabs/rock.prefab using Guid(58117c2db82481448a0a79d61ed8fdb6) Importer(815301076,1909f56bfc062723c751e8b465ee728b)  -> (artifact id: '0a91b9bacfbc2f619ebb605e74bb66b6') in 0.006274 seconds
Number of updated asset objects reloaded before import = 0
Number of asset objects unloaded after import = 1
========================================================================
Received Import Request.
  Time since last request: 0.000322 seconds.
  path: Assets/Prefabs/door.prefab
  artifactKey: Guid(fefd84ac3e35f834fbef7f25f4a57dc3) Importer(815301076,1909f56bfc062723c751e8b465ee728b)
Start importing Assets/Prefabs/door.prefab using Guid(fefd84ac3e35f834fbef7f25f4a57dc3) Importer(815301076,1909f56bfc062723c751e8b465ee728b)  -> (artifact id: 'be531ff1b73f388abf4931c1d64866df') in 0.005552 seconds
Number of updated asset objects reloaded before import = 0
Number of asset objects unloaded after import = 1
========================================================================
Received Import Request.
  Time since last request: 0.000184 seconds.
  path: Assets/Materials/UI_Material.mat
  artifactKey: Guid(a3701c9329766254dbb0f69f08c6541a) Importer(815301076,1909f56bfc062723c751e8b465ee728b)
Start importing Assets/Materials/UI_Material.mat using Guid(a3701c9329766254dbb0f69f08c6541a) Importer(815301076,1909f56bfc062723c751e8b465ee728b) Error loading the file 'Assets/Materials/UI_Material.mat'. File is either empty or corrupted, please verify the file contents.
 -> (artifact id: 'deeeb11f9cb883310bce16dcb2e084ca') in 0.003952 seconds
Number of updated asset objects reloaded before import = 0
Number of asset objects unloaded after import = 0
========================================================================
Received Import Request.
  Time since last request: 0.000552 seconds.
  path: Assets/Materials/Default_Material.mat
  artifactKey: Guid(4ef9ac21157df03429d07245f2354d1c) Importer(815301076,1909f56bfc062723c751e8b465ee728b)
Start importing Assets/Materials/Default_Material.mat using Guid(4ef9ac21157df03429d07245f2354d1c) Importer(815301076,1909f56bfc062723c751e8b465ee728b) Error loading the file 'Assets/Materials/Default_Material.mat'. File is either empty or corrupted, please verify the file contents.
 -> (artifact id: '64d13a15e8c9d35afac4695154d66729') in 0.005332 seconds
Number of updated asset objects reloaded before import = 0
Number of asset objects unloaded after import = 0
========================================================================
Received Import Request.
  Time since last request: 0.000407 seconds.
  path: Assets/Prefabs/Enemy (COPY).prefab
  artifactKey: Guid(26df1efb7bf91f14287acaf327d95443) Importer(815301076,1909f56bfc062723c751e8b465ee728b)
Start importing Assets/Prefabs/Enemy (COPY).prefab using Guid(26df1efb7bf91f14287acaf327d95443) Importer(815301076,1909f56bfc062723c751e8b465ee728b)  -> (artifact id: '2cabdcd2dd1d8ec6fc53299692a5c8f1') in 0.006466 seconds
Number of updated asset objects reloaded before import = 0
Number of asset objects unloaded after import = 1
========================================================================
Received Import Request.
  Time since last request: 0.000225 seconds.
  path: Assets/Materials/Player_Skin.mat
  artifactKey: Guid(ec29fb96696bc8540ae4585b97625b16) Importer(815301076,1909f56bfc062723c751e8b465ee728b)
Start importing Assets/Materials/Player_Skin.mat using Guid(ec29fb96696bc8540ae4585b97625b16) Importer(815301076,1909f56bfc062723c751e8b465ee728b) Error loading the file 'Assets/Materials/Player_Skin.mat'. File is either empty or corrupted, please verify the file contents.
 -> (artifact id: '7ddad285ca6814e641ddf81818c5b248') in 0.004841 seconds
Number of updated asset objects reloaded before import = 0
Number of asset objects unloaded after import = 0
========================================================================
Received Import Request.
  Time since last request: 0.000445 seconds.
  path: Assets/Materials/Enemy_Material.mat
  artifactKey: Guid(c14fa28c35832d545a41aaa5bf0ffe10) Importer(815301076,1909f56bfc062723c751e8b465ee728b)
Start importing Assets/Materials/Enemy_Material.mat using Guid(c14fa28c35832d545a41aaa5bf0ffe10) Importer(815301076,1909f56bfc062723c751e8b465ee728b) Error loading the file 'Assets/Materials/Enemy_Material.mat'. File is either empty or corrupted, please verify the file contents.
 -> (artifact id: '8907b1ca76d3b261f77dd40a9dda1193') in 0.006226 seconds
Number of updated asset objects reloaded before import = 0
Number of asset objects unloaded after import = 0
========================================================================
Received Import Request.
  Time since last request: 0.000406 seconds.
  path: Assets/Prefabs/Spawner.prefab
  artifactKey: Guid(ecdac991bb2396e40b0ad47f37c02188) Importer(815301076,1909f56bfc062723c751e8b465ee728b)
Start importing Assets/Prefabs/Spawner.prefab using Guid(ecdac991bb2396e40b0ad47f37c02188) Importer(815301076,1909f56bfc062723c751e8b465ee728b)  -> (artifact id: '0c60a2c7e0b78b03efafe722c13955dc') in 0.005808 seconds
Number of updated asset objects reloaded before import = 0
Number of asset objects unloaded after import = 1
========================================================================
Received Import Request.
  Time since last request: 0.000399 seconds.
  path: Assets/Prefabs/chair.prefab
  artifactKey: Guid(d2b5cbeebdd37c9468c657c5eb08c5ef) Importer(815301076,1909f56bfc062723c751e8b465ee728b)
Start importing Assets/Prefabs/chair.prefab using Guid(d2b5cbeebdd37c9468c657c5eb08c5ef) Importer(815301076,1909f56bfc062723c751e8b465ee728b)  -> (artifact id: '3b891537e5c0f78b77ebc176717bb6d0') in 0.005369 seconds
Number of updated asset objects reloaded before import = 0
Number of asset objects unloaded after import = 1
========================================================================
Received Import Request.
  Time since last request: 0.000057 seconds.
  path: Assets/Prefabs/PREFAB.prefab
  artifactKey: Guid(d64d31d3246fff9479b5cfda1003ccfc) Importer(815301076,1909f56bfc062723c751e8b465ee728b)
Start importing Assets/Prefabs/PREFAB.prefab using Guid(d64d31d3246fff9479b5cfda1003ccfc) Importer(815301076,1909f56bfc062723c751e8b465ee728b)  -> (artifact id: 'c2171d8b9aae2cbd0c7fd8aa27c96247') in 0.004418 seconds
Number of updated asset objects reloaded before import = 0
Number of asset objects unloaded after import = 1
========================================================================
Received Import Request.
  Time since last request: 0.000264 seconds.
  path: Assets/Prefabs/tree.prefab
  artifactKey: Guid(2e22a3f830feb9e409eec1ef89055dbf) Importer(815301076,1909f56bfc062723c751e8b465ee728b)
Start importing Assets/Prefabs/tree.prefab using Guid(2e22a3f830feb9e409eec1ef89055dbf) Importer(815301076,1909f56bfc062723c751e8b465ee728b)  -> (artifact id: '8e97c4b55cadef25c905db471a517ff3') in 0.004333 seconds
Number of updated asset objects reloaded before import = 0
Number of asset objects unloaded after import = 1
========================================================================
Received Import Request.
  Time since last request: 0.000201 seconds.
  path: Assets/Prefabs/house.prefab
  artifactKey: Guid(b1f1d3c0e4cfeea44a4232161f463d74) Importer(815301076,1909f56bfc062723c751e8b465ee728b)
Start importing Assets/Prefabs/house.prefab using Guid(b1f1d3c0e4cfeea44a4232161f463d74) Importer(815301076,1909f56bfc062723c751e8b465ee728b)  -> (artifact id: '4ba1406c02371092be686a4989a7cb81') in 0.004951 seconds
Number of updated asset objects reloaded before import = 0
Number of asset objects unloaded after import = 1
========================================================================
Received Import Request.
  Time since last request: 0.000346 seconds.
  path: Assets/Prefabs/bullet.prefab
  artifactKey: Guid(9b738ce679ef06940ae6e0ffbeb76a18) Importer(815301076,1909f56bfc062723c751e8b465ee728b)
Start importing Assets/Prefabs/bullet.prefab using Guid(9b738ce679ef06940ae6e0ffbeb76a18) Importer(815301076,1909f56bfc062723c751e8b465ee728b)  -> (artifact id: '71ce682bf2423efdd4a6860772ba77b3') in 0.005292 seconds
Number of updated asset objects reloaded before import = 0
Number of asset objects unloaded after import = 1
========================================================================
Received Import Request.
  Time since last request: 0.000253 seconds.
  path: Assets/Materials/Tree_Material.mat
  artifactKey: Guid(8d45bc8a579b34b4c917d2d3d2257392) Importer(815301076,1909f56bfc062723c751e8b465ee728b)
Start importing Assets/Materials/Tree_Material.mat using Guid(8d45bc8a579b34b4c917d2d3d2257392) Importer(815301076,1909f56bfc062723c751e8b465ee728b) Error loading the file 'Assets/Materials/Tree_Material.mat'. File is either empty or corrupted, please verify the file contents.
 -> (artifact id: '0f4f3467467ce3c8f1fadcb96942de18') in 0.005522 seconds
Number of updated asset objects reloaded before import = 0
Number of asset objects unloaded after import = 0
========================================================================
Received Import Request.
  Time since last request: 0.000359 seconds.
  path: Assets/Prefabs/enemy.prefab
  artifactKey: Guid(04491049fc3e7bb4f9b1184e1e2d0f7a) Importer(815301076,1909f56bfc062723c751e8b465ee728b)
Start importing Assets/Prefabs/enemy.prefab using Guid(04491049fc3e7bb4f9b1184e1e2d0f7a) Importer(815301076,1909f56bfc062723c751e8b465ee728b)  -> (artifact id: '8cbec31dc3afeb3850426a99c920d71a') in 0.004506 seconds
Number of updated asset objects reloaded before import = 0
Number of asset objects unloaded after import = 1
========================================================================
Received Import Request.
  Time since last request: 0.000206 seconds.
  path: Assets/Prefabs/prefab1.prefab
  artifactKey: Guid(4f5100327b7fc884aba96e0c15bf7b4e) Importer(815301076,1909f56bfc062723c751e8b465ee728b)
Start importing Assets/Prefabs/prefab1.prefab using Guid(4f5100327b7fc884aba96e0c15bf7b4e) Importer(815301076,1909f56bfc062723c751e8b465ee728b)  -> (artifact id: 'f2e6f3eef2d2ab8367138c40b2c88deb') in 0.005081 seconds
Number of updated asset objects reloaded before import = 0
Number of asset objects unloaded after import = 1
========================================================================
Received Import Request.
  Time since last request: 0.000177 seconds.
  path: Assets/Materials/Rock_Texture.mat
  artifactKey: Guid(0e43564c94d5f2541a4235d3031abd98) Importer(815301076,1909f56bfc062723c751e8b465ee728b)
Start importing Assets/Materials/Rock_Texture.mat using Guid(0e43564c94d5f2541a4235d3031abd98) Importer(815301076,1909f56bfc062723c751e8b465ee728b) Error loading the file 'Assets/Materials/Rock_Texture.mat'. File is either empty or corrupted, please verify the file contents.
 -> (artifact id: '70ca679bd07216f0c0bed4ef9f06f50d') in 0.004191 seconds
Number of updated asset objects reloaded before import = 0
Number of asset objects unloaded after import = 0
========================================================================
Received Import Request.
  Time since last request: 0.000381 seconds.
  path: Assets/Materials/mat_default_backup.mat
  artifactKey: Guid(847e4f4cbf288ca4194807a749d116a5) Importer(815301076,1909f56bfc062723c751e8b465ee728b)
Start importing Assets/Materials/mat_default_backup.mat using Guid(847e4f4cbf288ca4194807a749d116a5) Importer(815301076,1909f56bfc062723c751e8b465ee728b) Error loading the file 'Assets/Materials/mat_default_backup.mat'. File is either empty or corrupted, please verify the file contents.
 -> (artifact id: 'e8e222af47aba2d2f246d7652b2202d5') in 0.003282 seconds
Number of updated asset objects reloaded before import = 0
Number of asset objects unloaded after import = 0
========================================================================
Received Prepare
Refreshing native plugins compatible for Editor in 0.00 ms, found 0 plugins.
Preloading 0 native plugins for Editor in 0.00 ms.
Unloading 7 Unused Serialized files (Serialized files now loaded: 0)
Unloading 8 unused Assets / (46.8 KB). Loaded Objects now: 497.
Memory consumption went from 46.4 MB to 46.3 MB.
Total: 17.748400 ms (FindLiveObjects: 0.143600 ms CreateObjectMapping: 0.022000 ms MarkObjects: 17.319000 ms  DeleteObjects: 0.258600 ms)

Prepare: number of updated asset objects reloaded= 0
AssetImportParameters requested are different than current active one (requested -> active):
  custom:video-decoder-ogg-theora: a1e56fd34408186e4bbccfd4996cb3dc -> 
  custom:container-muxer-webm: aa71ff27fc2769a1b78a27578f13a17b -> 
  custom:container-demuxer-webm: 4f35f7cbe854078d1ac9338744f61a02 -> 
  custom:video-encoder-webm-vp8: eb34c28f22e8b96e1ab97ce403110664 -> 
  custom:video-codec-MediaFoundation-h265: 746d11721c4dcdbdad8f713fa42b33f4 -> 
  custom:CustomObjectIndexerAttribute: 756ad292c208cfabdd7b50bc23989ffe -> 
  custom:audio-encoder-webm-vorbis: bf7c407c2cedff20999df2af8eb42d56 -> 
  custom:framework-win-MediaFoundation: 216162199b28c13a410421893ffa2e32 -> 
  custom:SearchIndexIgnoredProperties: e643bd26f0fe6173181afceb89e7c659 -> 
  custom:container-demuxer-ogg: 62fdf1f143b41e24485cea50d1cbac27 -> 
  custom:video-decoder-webm-vp8: 9c59270c3fd7afecdb556c50c9e8de78 -> 
  custom:audio-decoder-ogg-vorbis: bf7c407c2cedff20999df2af8eb42d56 -> 
  custom:AudioImporter_EditorPlatform: d09bf68614088b80899f8185d706f6e7 -> 
========================================================================
Received Import Request.
  Time since last request: 215.607526 seconds.
  path: Assets/Prefabs/car.prefab
  artifactKey: Guid(ac5b1a35c7daf9646ad6d79ce2aec539) Importer(815301076,1909f56bfc062723c751e8b465ee728b)
Start importing Assets/Prefabs/car.prefab using Guid(ac5b1a35c7daf9646ad6d79ce2aec539) Importer(815301076,1909f56bfc062723c751e8b465ee728b)  -> (artifact id: '6caf28255fc748b84da06e4c6649fffe') in 0.006775 seconds
Number of updated asset objects reloaded before import = 0
Number of asset objects unloaded after import = 1
========================================================================
Received Import Request.
  Time since last request: 0.002678 seconds.
  path: Assets/Prefabs/prefab.prefab
  artifactKey: Guid(d64d31d3246fff9479b5cfda1003ccfc) Importer(815301076,1909f56bfc062723c751e8b465ee728b)
Start importing Assets/Prefabs/prefab.prefab using Guid(d64d31d3246fff9479b5cfda1003ccfc) Importer(815301076,1909f56bfc062723c751e8b465ee728b)  -> (artifact id: '447dd40b37124759f05edf5caa3e07a0') in 0.004320 seconds
Number of updated asset objects reloaded before import = 0
Number of asset objects unloaded after import = 1
========================================================================
Received Import Request.
  Time since last request: 0.001892 seconds.
  path: Assets/Prefabs/spawner.prefab
  artifactKey: Guid(ecdac991bb2396e40b0ad47f37c02188) Importer(815301076,1909f56bfc062723c751e8b465ee728b)
Start importing Assets/Prefabs/spawner.prefab using Guid(ecdac991bb2396e40b0ad47f37c02188) Importer(815301076,1909f56bfc062723c751e8b465ee728b)  -> (artifact id: '5926fe895b4e13ab670ee2615630a317') in 0.003879 seconds
Number of updated asset objects reloaded before import = 0
Number of asset objects unloaded after import = 1
